[debug] [2021-03-12T07:11:40.159Z] ----------------------------------------------------------------------
[debug] [2021-03-12T07:11:40.160Z] Command:       /Users/Lip/.nvm/versions/node/v15.8.0/bin/node /Users/Lip/.nvm/versions/node/v15.8.0/bin/firebase init
[debug] [2021-03-12T07:11:40.161Z] CLI Version:   9.6.1
[debug] [2021-03-12T07:11:40.161Z] Platform:      darwin
[debug] [2021-03-12T07:11:40.161Z] Node Version:  v15.8.0
[debug] [2021-03-12T07:11:40.162Z] Time:          Fri Mar 12 2021 00:11:40 GMT-0700 (Mountain Standard Time)
[debug] [2021-03-12T07:11:40.162Z] ----------------------------------------------------------------------
[debug] [2021-03-12T07:11:40.162Z] 
[debug] [2021-03-12T07:11:40.165Z] > command requires scopes: ["email","openid","https://www.googleapis.com/auth/cloudplatformprojects.readonly","https://www.googleapis.com/auth/firebase","https://www.googleapis.com/auth/cloud-platform"]
[debug] [2021-03-12T07:11:40.165Z] > authorizing via signed-in user
[info] 
     ######## #### ########  ######## ########     ###     ######  ########
     ##        ##  ##     ## ##       ##     ##  ##   ##  ##       ##
     ######    ##  ########  ######   ########  #########  ######  ######
     ##        ##  ##    ##  ##       ##     ## ##     ##       ## ##
     ##       #### ##     ## ######## ########  ##     ##  ######  ########

You're about to initialize a Firebase project in this directory:

  /Users/Lip/lipcoDev/revature/ng-client

[info] 
=== Project Setup
[info] 
[info] First, let's associate this project directory with a Firebase project.
[info] You can create multiple project aliases by running firebase use --add, 
[info] but for now we'll just set up a default project.
[info] 
[debug] [2021-03-12T07:12:18.290Z] >>> [apiv2][query] GET https://firebase.googleapis.com/v1beta1/projects pageSize=100
[debug] [2021-03-12T07:12:18.601Z] <<< [apiv2][status] GET https://firebase.googleapis.com/v1beta1/projects 200
[debug] [2021-03-12T07:12:18.601Z] <<< [apiv2][body] GET https://firebase.googleapis.com/v1beta1/projects [omitted]
[info] i  Using project ng-client-d5aa3 (ng-client) 
[info] 
=== Hosting Setup
[info] 
[info] Your public directory is the folder (relative to your project directory) that
[info] will contain Hosting assets to be uploaded with firebase deploy. If you
[info] have a build process for your assets, use your build's output directory.
[info] 
[debug] [2021-03-12T07:14:00.945Z] >>> [apiv2][query] GET https://www.gstatic.com/firebasejs/releases.json [none]
[debug] [2021-03-12T07:14:01.013Z] <<< [apiv2][status] GET https://www.gstatic.com/firebasejs/releases.json 200
[debug] [2021-03-12T07:14:01.014Z] <<< [apiv2][body] GET https://www.gstatic.com/firebasejs/releases.json {"current":{"version":"8.3.0","browserURL":"https://www.gstatic.com/firebasejs/8.3.0/firebase.js","packageURL":"https://www.gstatic.com/firebasejs/8.3.0/firebase.tgz"},"live":{"version":"8.3","browserURL":"https://www.gstatic.com/firebasejs/live/8.3/firebase.js","packageURL":"https://www.gstatic.com/firebasejs/live/8.3/firebase.tgz"},"components":{"analytics":"https://www.gstatic.com/firebasejs/8.3.0/firebase-analytics.js","app":"https://www.gstatic.com/firebasejs/8.3.0/firebase-app.js","auth":"https://www.gstatic.com/firebasejs/8.3.0/firebase-auth.js","database":"https://www.gstatic.com/firebasejs/8.3.0/firebase-database.js","firestore":"https://www.gstatic.com/firebasejs/8.3.0/firebase-firestore.js","functions":"https://www.gstatic.com/firebasejs/8.3.0/firebase-functions.js","installations":"https://www.gstatic.com/firebasejs/8.3.0/firebase-installations.js","messaging":"https://www.gstatic.com/firebasejs/8.3.0/firebase-messaging.js","storage":"https://www.gstatic.com/firebasejs/8.3.0/firebase-storage.js","performance":"https://www.gstatic.com/firebasejs/8.3.0/firebase-performance.js","remote-config":"https://www.gstatic.com/firebasejs/8.3.0/firebase-remote-config.js","firestore.memory":"https://www.gstatic.com/firebasejs/8.3.0/firebase-firestore.memory.js"}}
[info] i  Skipping write of dist/ng-client/index.html 
[info] 
[info] i  Detected a .git folder at /Users/Lip/lipcoDev/revature/ng-client 
[info] i  Authorizing with GitHub to upload your service account to a GitHub repository's secrets store. 
[info] 
[info] Visit this URL on this device to log in:
[info] https://github.com/login/oauth/authorize?client_id=89cf50f02ac6aaed3484&state=720913746&redirect_uri=http%3A%2F%2Flocalhost%3A9005&scope=read%3Auser%20repo%20public_repo
[info] 
[info] Waiting for authentication...
[debug] [2021-03-12T07:14:50.121Z] >>> HTTP REQUEST POST https://github.com/login/oauth/access_token  
 {"client_id":"89cf50f02ac6aaed3484","client_secret":"3330d14abc895d9a74d5f17cd7a00711fa2c5bf0","code":"2f8262c2e8cc8b0b846c","redirect_uri":"http://localhost:9005","state":"720913746"}
[debug] [2021-03-12T07:14:50.372Z] <<< HTTP RESPONSE 200 {"server":"GitHub.com","date":"Fri, 12 Mar 2021 07:14:50 GMT","content-type":"application/json; charset=utf-8","transfer-encoding":"chunked","vary":"X-PJAX, Accept-Encoding, Accept, X-Requested-With","etag":"W/\"baf966fafdcc5d4dc11b527c11ccdb03\"","cache-control":"max-age=0, private, must-revalidate","strict-transport-security":"max-age=31536000; includeSubdomains; preload","x-frame-options":"deny","x-content-type-options":"nosniff","x-xss-protection":"1; mode=block","referrer-policy":"origin-when-cross-origin, strict-origin-when-cross-origin","expect-ct":"max-age=2592000, report-uri=\"https://api.github.com/_private/browser/errors\"","content-security-policy":"default-src 'none'; base-uri 'self'; block-all-mixed-content; connect-src 'self' uploads.github.com www.githubstatus.com collector.githubapp.com api.github.com github-cloud.s3.amazonaws.com github-production-repository-file-5c1aeb.s3.amazonaws.com github-production-upload-manifest-file-7fdce7.s3.amazonaws.com github-production-user-asset-6210df.s3.amazonaws.com cdn.optimizely.com logx.optimizely.com/v1/events wss://alive.github.com; font-src github.githubassets.com; form-action 'self' github.com gist.github.com; frame-ancestors 'none'; frame-src render.githubusercontent.com; img-src 'self' data: github.githubassets.com identicons.github.com collector.githubapp.com github-cloud.s3.amazonaws.com secured-user-images.githubusercontent.com/ *.githubusercontent.com; manifest-src 'self'; media-src 'none'; script-src github.githubassets.com; style-src 'unsafe-inline' github.githubassets.com; worker-src github.com/socket-worker-6832eced.js gist.github.com/socket-worker-6832eced.js","x-github-request-id":"C220:133F:82A034:B687F8:604B14EA"}
[debug] [2021-03-12T07:14:50.378Z] >>> [apiv2][query] GET https://api.github.com/user [none]
[debug] [2021-03-12T07:14:50.655Z] <<< [apiv2][status] GET https://api.github.com/user 200
[debug] [2021-03-12T07:14:50.656Z] <<< [apiv2][body] GET https://api.github.com/user {"login":"lipcowan","id":35284964,"node_id":"MDQ6VXNlcjM1Mjg0OTY0","avatar_url":"https://avatars.githubusercontent.com/u/35284964?v=4","gravatar_id":"","url":"https://api.github.com/users/lipcowan","html_url":"https://github.com/lipcowan","followers_url":"https://api.github.com/users/lipcowan/followers","following_url":"https://api.github.com/users/lipcowan/following{/other_user}","gists_url":"https://api.github.com/users/lipcowan/gists{/gist_id}","starred_url":"https://api.github.com/users/lipcowan/starred{/owner}{/repo}","subscriptions_url":"https://api.github.com/users/lipcowan/subscriptions","organizations_url":"https://api.github.com/users/lipcowan/orgs","repos_url":"https://api.github.com/users/lipcowan/repos","events_url":"https://api.github.com/users/lipcowan/events{/privacy}","received_events_url":"https://api.github.com/users/lipcowan/received_events","type":"User","site_admin":false,"name":"Phillip 'Lip' Cowan","company":"Thinkful","blog":"lipco.dev","location":"Phoenix, Arizona","email":"phillip@lipco.dev","hireable":true,"bio":"Full Stack Developer","twitter_username":"LipCo_Dev","public_repos":47,"public_gists":3,"followers":2,"following":4,"created_at":"2018-01-10T04:40:38Z","updated_at":"2021-03-12T07:14:33Z","private_gists":0,"total_private_repos":0,"owned_private_repos":0,"disk_usage":30474,"collaborators":0,"two_factor_authentication":true,"plan":{"name":"free","space":976562499,"collaborators":0,"private_repos":10000}}
[info] 
[info] ✔  Success! Logged into GitHub as lipcowan 
[info] 
